$ rvddt -f mv.bin
sp initialized to top of memory: 0x0000fff0
Loading 'mv.bin' to 0x0
This is rvddt.  Enter ? for help.
ddt> a
ddt> d 0 16
 00000000: 13 0e 00 00 73 00 10 00  a5 a5 a5 a5 a5 a5 a5 a5 *....s...........*
ddt> t 0 1000
 zero  x0 00000000  ra  x1 f0f0f0f0  sp  x2 0000fff0  gp  x3 f0f0f0f0
   tp  x4 f0f0f0f0  t0  x5 f0f0f0f0  t1  x6 f0f0f0f0  t2  x7 f0f0f0f0
   s0  x8 f0f0f0f0  s1  x9 f0f0f0f0  a0 x10 f0f0f0f0  a1 x11 f0f0f0f0
   a2 x12 f0f0f0f0  a3 x13 f0f0f0f0  a4 x14 f0f0f0f0  a5 x15 f0f0f0f0
   a6 x16 f0f0f0f0  a7 x17 f0f0f0f0  s2 x18 f0f0f0f0  s3 x19 f0f0f0f0
   s4 x20 f0f0f0f0  s5 x21 f0f0f0f0  s6 x22 f0f0f0f0  s7 x23 f0f0f0f0
   s8 x24 f0f0f0f0  s9 x25 f0f0f0f0 s10 x26 f0f0f0f0 s11 x27 f0f0f0f0
   t3 x28 f0f0f0f0  t4 x29 f0f0f0f0  t5 x30 f0f0f0f0  t6 x31 f0f0f0f0
       pc 00000000
00000000: 00000e13  addi    t3, zero, 0   # t3 = 0x00000000 = 0x00000000 + 0x00000000
 zero  x0 00000000  ra  x1 f0f0f0f0  sp  x2 0000fff0  gp  x3 f0f0f0f0
   tp  x4 f0f0f0f0  t0  x5 f0f0f0f0  t1  x6 f0f0f0f0  t2  x7 f0f0f0f0
   s0  x8 f0f0f0f0  s1  x9 f0f0f0f0  a0 x10 f0f0f0f0  a1 x11 f0f0f0f0
   a2 x12 f0f0f0f0  a3 x13 f0f0f0f0  a4 x14 f0f0f0f0  a5 x15 f0f0f0f0
   a6 x16 f0f0f0f0  a7 x17 f0f0f0f0  s2 x18 f0f0f0f0  s3 x19 f0f0f0f0
   s4 x20 f0f0f0f0  s5 x21 f0f0f0f0  s6 x22 f0f0f0f0  s7 x23 f0f0f0f0
   s8 x24 f0f0f0f0  s9 x25 f0f0f0f0 s10 x26 f0f0f0f0 s11 x27 f0f0f0f0
   t3 x28 00000000  t4 x29 f0f0f0f0  t5 x30 f0f0f0f0  t6 x31 f0f0f0f0
       pc 00000004
00000004: ebreak
ddt> x
