[winans@w510 src]$ ./rvddt -f ../examples/load4regs.bin
Loading '../examples/load4regs.bin' to 0x0
ddt> t4
   x0: 00000000 f0f0f0f0 f0f0f0f0 f0f0f0f0-f0f0f0f0 f0f0f0f0 f0f0f0f0 f0f0f0f0
   x8: f0f0f0f0 f0f0f0f0 f0f0f0f0 f0f0f0f0-f0f0f0f0 f0f0f0f0 f0f0f0f0 f0f0f0f0
  x16: f0f0f0f0 f0f0f0f0 f0f0f0f0 f0f0f0f0-f0f0f0f0 f0f0f0f0 f0f0f0f0 f0f0f0f0
  x24: f0f0f0f0 f0f0f0f0 f0f0f0f0 f0f0f0f0-f0f0f0f0 f0f0f0f0 f0f0f0f0 f0f0f0f0
   pc: 00000000
00000000: 00000e13  addi    x28, x0, 0    # x28 = 0x00000000 = 0x00000000 + 0x00000000
   x0: 00000000 f0f0f0f0 f0f0f0f0 f0f0f0f0-f0f0f0f0 f0f0f0f0 f0f0f0f0 f0f0f0f0
   x8: f0f0f0f0 f0f0f0f0 f0f0f0f0 f0f0f0f0-f0f0f0f0 f0f0f0f0 f0f0f0f0 f0f0f0f0
  x16: f0f0f0f0 f0f0f0f0 f0f0f0f0 f0f0f0f0-f0f0f0f0 f0f0f0f0 f0f0f0f0 f0f0f0f0
  x24: f0f0f0f0 f0f0f0f0 f0f0f0f0 f0f0f0f0-00000000 f0f0f0f0 f0f0f0f0 f0f0f0f0
   pc: 00000004
00000004: 00000e93  addi    x29, x0, 0    # x29 = 0x00000000 = 0x00000000 + 0x00000000
   x0: 00000000 f0f0f0f0 f0f0f0f0 f0f0f0f0-f0f0f0f0 f0f0f0f0 f0f0f0f0 f0f0f0f0
   x8: f0f0f0f0 f0f0f0f0 f0f0f0f0 f0f0f0f0-f0f0f0f0 f0f0f0f0 f0f0f0f0 f0f0f0f0
  x16: f0f0f0f0 f0f0f0f0 f0f0f0f0 f0f0f0f0-f0f0f0f0 f0f0f0f0 f0f0f0f0 f0f0f0f0
  x24: f0f0f0f0 f0f0f0f0 f0f0f0f0 f0f0f0f0-00000000 00000000 f0f0f0f0 f0f0f0f0
   pc: 00000008
00000008: 00000f13  addi    x30, x0, 0    # x30 = 0x00000000 = 0x00000000 + 0x00000000
   x0: 00000000 f0f0f0f0 f0f0f0f0 f0f0f0f0-f0f0f0f0 f0f0f0f0 f0f0f0f0 f0f0f0f0
   x8: f0f0f0f0 f0f0f0f0 f0f0f0f0 f0f0f0f0-f0f0f0f0 f0f0f0f0 f0f0f0f0 f0f0f0f0
  x16: f0f0f0f0 f0f0f0f0 f0f0f0f0 f0f0f0f0-f0f0f0f0 f0f0f0f0 f0f0f0f0 f0f0f0f0
  x24: f0f0f0f0 f0f0f0f0 f0f0f0f0 f0f0f0f0-00000000 00000000 00000000 f0f0f0f0
   pc: 0000000c
0000000c: 00000f93  addi    x31, x0, 0    # x31 = 0x00000000 = 0x00000000 + 0x00000000
ddt> r
   x0: 00000000 f0f0f0f0 f0f0f0f0 f0f0f0f0-f0f0f0f0 f0f0f0f0 f0f0f0f0 f0f0f0f0
   x8: f0f0f0f0 f0f0f0f0 f0f0f0f0 f0f0f0f0-f0f0f0f0 f0f0f0f0 f0f0f0f0 f0f0f0f0
  x16: f0f0f0f0 f0f0f0f0 f0f0f0f0 f0f0f0f0-f0f0f0f0 f0f0f0f0 f0f0f0f0 f0f0f0f0
  x24: f0f0f0f0 f0f0f0f0 f0f0f0f0 f0f0f0f0-00000000 00000000 00000000 00000000
   pc: 00000010
ddt> x
[winans@w510 src]$ 
